[0.620s] DEBUG:colcon:Command line arguments: ['/usr/bin/colcon', 'build']
[0.620s] DEBUG:colcon:Parsed command line arguments: Namespace(log_base=None, log_level=None, verb_name='build', build_base='build', install_base='install', merge_install=False, symlink_install=False, test_result_base=None, continue_on_error=False, executor='parallel', parallel_workers=8, event_handlers=None, ignore_user_meta=False, metas=['./colcon.meta'], base_paths=['.'], packages_ignore=None, packages_ignore_regex=None, paths=None, packages_up_to=None, packages_up_to_regex=None, packages_above=None, packages_above_and_dependencies=None, packages_above_depth=None, packages_select_by_dep=None, packages_skip_by_dep=None, packages_skip_up_to=None, packages_select_build_failed=False, packages_skip_build_finished=False, packages_select_test_failures=False, packages_skip_test_passed=False, packages_select=None, packages_skip=None, packages_select_regex=None, packages_skip_regex=None, packages_start=None, packages_end=None, allow_overriding=[], cmake_args=None, cmake_target=None, cmake_target_skip_unavailable=False, cmake_clean_cache=False, cmake_clean_first=False, cmake_force_configure=False, ament_cmake_args=None, catkin_cmake_args=None, catkin_skip_building_tests=False, mixin_files=None, mixin=None, verb_parser=<colcon_mixin.mixin.mixin_argument.MixinArgumentDecorator object at 0x7ff4ca91da30>, verb_extension=<colcon_core.verb.build.BuildVerb object at 0x7ff4ca91d3a0>, main=<bound method BuildVerb.main of <colcon_core.verb.build.BuildVerb object at 0x7ff4ca91d3a0>>, mixin_verb=('build',))
[0.683s] Level 1:colcon.colcon_core.package_discovery:discover_packages(colcon_meta) check parameters
[0.684s] Level 1:colcon.colcon_core.package_discovery:discover_packages(recursive) check parameters
[0.684s] Level 1:colcon.colcon_core.package_discovery:discover_packages(ignore) check parameters
[0.684s] Level 1:colcon.colcon_core.package_discovery:discover_packages(path) check parameters
[0.684s] Level 1:colcon.colcon_core.package_discovery:discover_packages(colcon_meta) discover
[0.684s] Level 1:colcon.colcon_core.package_discovery:discover_packages(recursive) discover
[0.684s] INFO:colcon.colcon_core.package_discovery:Crawling recursively for packages in '/home/mene/sagan_description'
[0.684s] Level 1:colcon.colcon_core.package_identification:_identify(.) by extensions ['ignore', 'ignore_ament_install']
[0.684s] Level 1:colcon.colcon_core.package_identification:_identify(.) by extension 'ignore'
[0.685s] Level 1:colcon.colcon_core.package_identification:_identify(.) by extension 'ignore_ament_install'
[0.685s] Level 1:colcon.colcon_core.package_identification:_identify(.) by extensions ['colcon_pkg']
[0.685s] Level 1:colcon.colcon_core.package_identification:_identify(.) by extension 'colcon_pkg'
[0.685s] Level 1:colcon.colcon_core.package_identification:_identify(.) by extensions ['colcon_meta']
[0.685s] Level 1:colcon.colcon_core.package_identification:_identify(.) by extension 'colcon_meta'
[0.685s] Level 1:colcon.colcon_core.package_identification:_identify(.) by extensions ['ros']
[0.685s] Level 1:colcon.colcon_core.package_identification:_identify(.) by extension 'ros'
[0.751s] DEBUG:colcon.colcon_core.package_identification:Package '.' with type 'ros.ament_cmake' and name 'sagan_description'
[0.751s] Level 1:colcon.colcon_core.package_discovery:discover_packages(recursive) using defaults
[0.751s] Level 1:colcon.colcon_core.package_discovery:discover_packages(ignore) discover
[0.751s] Level 1:colcon.colcon_core.package_discovery:discover_packages(ignore) using defaults
[0.751s] Level 1:colcon.colcon_core.package_discovery:discover_packages(path) discover
[0.751s] Level 1:colcon.colcon_core.package_discovery:discover_packages(path) using defaults
[0.786s] Level 1:colcon.colcon_core.package_discovery:discover_packages(prefix_path) check parameters
[0.786s] Level 1:colcon.colcon_core.package_discovery:discover_packages(prefix_path) discover
[0.792s] DEBUG:colcon.colcon_installed_package_information.package_discovery:Found 376 installed packages in /opt/ros/jazzy
[0.794s] Level 1:colcon.colcon_core.package_discovery:discover_packages(prefix_path) using defaults
[0.854s] Level 5:colcon.colcon_core.verb:set package 'sagan_description' build argument 'cmake_args' from command line to 'None'
[0.854s] Level 5:colcon.colcon_core.verb:set package 'sagan_description' build argument 'cmake_target' from command line to 'None'
[0.854s] Level 5:colcon.colcon_core.verb:set package 'sagan_description' build argument 'cmake_target_skip_unavailable' from command line to 'False'
[0.854s] Level 5:colcon.colcon_core.verb:set package 'sagan_description' build argument 'cmake_clean_cache' from command line to 'False'
[0.854s] Level 5:colcon.colcon_core.verb:set package 'sagan_description' build argument 'cmake_clean_first' from command line to 'False'
[0.854s] Level 5:colcon.colcon_core.verb:set package 'sagan_description' build argument 'cmake_force_configure' from command line to 'False'
[0.854s] Level 5:colcon.colcon_core.verb:set package 'sagan_description' build argument 'ament_cmake_args' from command line to 'None'
[0.854s] Level 5:colcon.colcon_core.verb:set package 'sagan_description' build argument 'catkin_cmake_args' from command line to 'None'
[0.854s] Level 5:colcon.colcon_core.verb:set package 'sagan_description' build argument 'catkin_skip_building_tests' from command line to 'False'
[0.854s] DEBUG:colcon.colcon_core.verb:Building package 'sagan_description' with the following arguments: {'ament_cmake_args': None, 'build_base': '/home/mene/sagan_description/build/sagan_description', 'catkin_cmake_args': None, 'catkin_skip_building_tests': False, 'cmake_args': None, 'cmake_clean_cache': False, 'cmake_clean_first': False, 'cmake_force_configure': False, 'cmake_target': None, 'cmake_target_skip_unavailable': False, 'install_base': '/home/mene/sagan_description/install/sagan_description', 'merge_install': False, 'path': '/home/mene/sagan_description', 'symlink_install': False, 'test_result_base': None}
[0.854s] INFO:colcon.colcon_core.executor:Executing jobs using 'parallel' executor
[0.856s] DEBUG:colcon.colcon_parallel_executor.executor.parallel:run_until_complete
[0.858s] INFO:colcon.colcon_ros.task.ament_cmake.build:Building ROS package in '/home/mene/sagan_description' with build type 'ament_cmake'
[0.858s] INFO:colcon.colcon_cmake.task.cmake.build:Building CMake package in '/home/mene/sagan_description'
[0.870s] INFO:colcon.colcon_core.plugin_system:Skipping extension 'colcon_core.shell.bat': Not used on non-Windows systems
[0.870s] INFO:colcon.colcon_core.shell:Skip shell extension 'powershell' for command environment: Not usable outside of PowerShell
[0.870s] DEBUG:colcon.colcon_core.shell:Skip shell extension 'dsv' for command environment
[0.887s] DEBUG:colcon.colcon_core.event_handler.log_command:Invoking command in '/home/mene/sagan_description/build/sagan_description': CMAKE_PREFIX_PATH=${CMAKE_PREFIX_PATH}:/opt/ros/jazzy /usr/bin/cmake --build /home/mene/sagan_description/build/sagan_description -- -j8 -l8
[0.963s] DEBUG:colcon.colcon_core.event_handler.log_command:Invoked command in '/home/mene/sagan_description/build/sagan_description' returned '0': CMAKE_PREFIX_PATH=${CMAKE_PREFIX_PATH}:/opt/ros/jazzy /usr/bin/cmake --build /home/mene/sagan_description/build/sagan_description -- -j8 -l8
[0.980s] DEBUG:colcon.colcon_core.event_handler.log_command:Invoking command in '/home/mene/sagan_description/build/sagan_description': CMAKE_PREFIX_PATH=${CMAKE_PREFIX_PATH}:/opt/ros/jazzy /usr/bin/cmake --install /home/mene/sagan_description/build/sagan_description
[1.005s] Level 1:colcon.colcon_core.environment:create_environment_scripts_only(sagan_description)
[1.008s] DEBUG:colcon.colcon_core.event_handler.log_command:Invoked command in '/home/mene/sagan_description/build/sagan_description' returned '0': CMAKE_PREFIX_PATH=${CMAKE_PREFIX_PATH}:/opt/ros/jazzy /usr/bin/cmake --install /home/mene/sagan_description/build/sagan_description
[1.020s] Level 1:colcon.colcon_core.environment:checking '/home/mene/sagan_description/install/sagan_description' for CMake module files
[1.021s] Level 1:colcon.colcon_core.environment:checking '/home/mene/sagan_description/install/sagan_description' for CMake config files
[1.022s] Level 1:colcon.colcon_core.shell:create_environment_hook('sagan_description', 'cmake_prefix_path')
[1.022s] INFO:colcon.colcon_core.shell:Creating environment hook '/home/mene/sagan_description/install/sagan_description/share/sagan_description/hook/cmake_prefix_path.ps1'
[1.025s] INFO:colcon.colcon_core.shell:Creating environment descriptor '/home/mene/sagan_description/install/sagan_description/share/sagan_description/hook/cmake_prefix_path.dsv'
[1.028s] INFO:colcon.colcon_core.shell:Creating environment hook '/home/mene/sagan_description/install/sagan_description/share/sagan_description/hook/cmake_prefix_path.sh'
[1.030s] Level 1:colcon.colcon_core.environment:checking '/home/mene/sagan_description/install/sagan_description/bin'
[1.030s] Level 1:colcon.colcon_core.environment:checking '/home/mene/sagan_description/install/sagan_description/lib/pkgconfig/sagan_description.pc'
[1.030s] Level 1:colcon.colcon_core.environment:checking '/home/mene/sagan_description/install/sagan_description/lib/python3.12/site-packages'
[1.030s] Level 1:colcon.colcon_core.environment:checking '/home/mene/sagan_description/install/sagan_description/bin'
[1.031s] INFO:colcon.colcon_core.shell:Creating package script '/home/mene/sagan_description/install/sagan_description/share/sagan_description/package.ps1'
[1.033s] INFO:colcon.colcon_core.shell:Creating package descriptor '/home/mene/sagan_description/install/sagan_description/share/sagan_description/package.dsv'
[1.034s] INFO:colcon.colcon_core.shell:Creating package script '/home/mene/sagan_description/install/sagan_description/share/sagan_description/package.sh'
[1.036s] INFO:colcon.colcon_core.shell:Creating package script '/home/mene/sagan_description/install/sagan_description/share/sagan_description/package.bash'
[1.038s] INFO:colcon.colcon_core.shell:Creating package script '/home/mene/sagan_description/install/sagan_description/share/sagan_description/package.zsh'
[1.040s] Level 1:colcon.colcon_core.environment:create_file_with_runtime_dependencies(/home/mene/sagan_description/install/sagan_description/share/colcon-core/packages/sagan_description)
[1.041s] Level 1:colcon.colcon_core.environment:create_environment_scripts_only(sagan_description)
[1.041s] Level 1:colcon.colcon_core.environment:checking '/home/mene/sagan_description/install/sagan_description' for CMake module files
[1.042s] Level 1:colcon.colcon_core.environment:checking '/home/mene/sagan_description/install/sagan_description' for CMake config files
[1.042s] Level 1:colcon.colcon_core.shell:create_environment_hook('sagan_description', 'cmake_prefix_path')
[1.042s] INFO:colcon.colcon_core.shell:Creating environment hook '/home/mene/sagan_description/install/sagan_description/share/sagan_description/hook/cmake_prefix_path.ps1'
[1.043s] INFO:colcon.colcon_core.shell:Creating environment descriptor '/home/mene/sagan_description/install/sagan_description/share/sagan_description/hook/cmake_prefix_path.dsv'
[1.044s] INFO:colcon.colcon_core.shell:Creating environment hook '/home/mene/sagan_description/install/sagan_description/share/sagan_description/hook/cmake_prefix_path.sh'
[1.045s] Level 1:colcon.colcon_core.environment:checking '/home/mene/sagan_description/install/sagan_description/bin'
[1.045s] Level 1:colcon.colcon_core.environment:checking '/home/mene/sagan_description/install/sagan_description/lib/pkgconfig/sagan_description.pc'
[1.045s] Level 1:colcon.colcon_core.environment:checking '/home/mene/sagan_description/install/sagan_description/lib/python3.12/site-packages'
[1.046s] Level 1:colcon.colcon_core.environment:checking '/home/mene/sagan_description/install/sagan_description/bin'
[1.046s] INFO:colcon.colcon_core.shell:Creating package script '/home/mene/sagan_description/install/sagan_description/share/sagan_description/package.ps1'
[1.047s] INFO:colcon.colcon_core.shell:Creating package descriptor '/home/mene/sagan_description/install/sagan_description/share/sagan_description/package.dsv'
[1.048s] INFO:colcon.colcon_core.shell:Creating package script '/home/mene/sagan_description/install/sagan_description/share/sagan_description/package.sh'
[1.049s] INFO:colcon.colcon_core.shell:Creating package script '/home/mene/sagan_description/install/sagan_description/share/sagan_description/package.bash'
[1.049s] INFO:colcon.colcon_core.shell:Creating package script '/home/mene/sagan_description/install/sagan_description/share/sagan_description/package.zsh'
[1.050s] Level 1:colcon.colcon_core.environment:create_file_with_runtime_dependencies(/home/mene/sagan_description/install/sagan_description/share/colcon-core/packages/sagan_description)
[1.050s] DEBUG:colcon.colcon_parallel_executor.executor.parallel:closing loop
[1.051s] DEBUG:colcon.colcon_parallel_executor.executor.parallel:loop closed
[1.052s] DEBUG:colcon.colcon_parallel_executor.executor.parallel:run_until_complete finished with '0'
[1.052s] DEBUG:colcon.colcon_core.event_reactor:joining thread
[1.126s] INFO:colcon.colcon_core.plugin_system:Skipping extension 'colcon_notification.desktop_notification.notify_send': Could not find 'notify-send'
[1.126s] INFO:colcon.colcon_core.plugin_system:Skipping extension 'colcon_notification.desktop_notification.terminal_notifier': Not used on non-Darwin systems
[1.126s] INFO:colcon.colcon_core.plugin_system:Skipping extension 'colcon_notification.desktop_notification.win32': Not used on non-Windows systems
[1.126s] INFO:colcon.colcon_notification.desktop_notification:Sending desktop notification using 'notify2'
[1.144s] DEBUG:colcon.colcon_notification.desktop_notification.notify2:Failed to initialize notify2: org.freedesktop.DBus.Error.ServiceUnknown: The name org.freedesktop.Notifications was not provided by any .service files
[1.145s] DEBUG:colcon.colcon_core.event_reactor:joined thread
[1.145s] INFO:colcon.colcon_core.shell:Creating prefix script '/home/mene/sagan_description/install/local_setup.ps1'
[1.147s] INFO:colcon.colcon_core.shell:Creating prefix util module '/home/mene/sagan_description/install/_local_setup_util_ps1.py'
[1.150s] INFO:colcon.colcon_core.shell:Creating prefix chain script '/home/mene/sagan_description/install/setup.ps1'
[1.153s] INFO:colcon.colcon_core.shell:Creating prefix script '/home/mene/sagan_description/install/local_setup.sh'
[1.155s] INFO:colcon.colcon_core.shell:Creating prefix util module '/home/mene/sagan_description/install/_local_setup_util_sh.py'
[1.156s] INFO:colcon.colcon_core.shell:Creating prefix chain script '/home/mene/sagan_description/install/setup.sh'
[1.159s] INFO:colcon.colcon_core.shell:Creating prefix script '/home/mene/sagan_description/install/local_setup.bash'
[1.161s] INFO:colcon.colcon_core.shell:Creating prefix chain script '/home/mene/sagan_description/install/setup.bash'
[1.163s] INFO:colcon.colcon_core.shell:Creating prefix script '/home/mene/sagan_description/install/local_setup.zsh'
[1.164s] INFO:colcon.colcon_core.shell:Creating prefix chain script '/home/mene/sagan_description/install/setup.zsh'
