-- Install configuration: ""
-- Up-to-date: /home/mene/sagan_description/install/sagan_description/share/sagan_description/launch
-- Up-to-date: /home/mene/sagan_description/install/sagan_description/share/sagan_description/launch/gazebo_model.launch.py
-- Up-to-date: /home/mene/sagan_description/install/sagan_description/share/sagan_description/model
-- Up-to-date: /home/mene/sagan_description/install/sagan_description/share/sagan_description/model/Sagan.xacro.urdf
-- Up-to-date: /home/mene/sagan_description/install/sagan_description/share/sagan_description/model/meshes
-- Up-to-date: /home/mene/sagan_description/install/sagan_description/share/sagan_description/model/meshes/LF_wheel.STL
-- Up-to-date: /home/mene/sagan_description/install/sagan_description/share/sagan_description/model/meshes/RF_stering_arm.STL
-- Up-to-date: /home/mene/sagan_description/install/sagan_description/share/sagan_description/model/meshes/Right_arm.STL
-- Up-to-date: /home/mene/sagan_description/install/sagan_description/share/sagan_description/model/meshes/LR_stering_arm.STL
-- Up-to-date: /home/mene/sagan_description/install/sagan_description/share/sagan_description/model/meshes/RR_wheel.STL
-- Up-to-date: /home/mene/sagan_description/install/sagan_description/share/sagan_description/model/meshes/Left_arm.STL
-- Up-to-date: /home/mene/sagan_description/install/sagan_description/share/sagan_description/model/meshes/LR_wheel.STL
-- Up-to-date: /home/mene/sagan_description/install/sagan_description/share/sagan_description/model/meshes/RF_wheel.STL
-- Up-to-date: /home/mene/sagan_description/install/sagan_description/share/sagan_description/model/meshes/base_link.STL
-- Up-to-date: /home/mene/sagan_description/install/sagan_description/share/sagan_description/model/meshes/RR_stering_arm.STL
-- Up-to-date: /home/mene/sagan_description/install/sagan_description/share/sagan_description/model/meshes/LF_stering_arm.STL
-- Up-to-date: /home/mene/sagan_description/install/sagan_description/share/sagan_description/model/Sagan.gazebo
-- Up-to-date: /home/mene/sagan_description/install/sagan_description/share/sagan_description/model/ros2_control.xacro
-- Up-to-date: /home/mene/sagan_description/install/sagan_description/share/sagan_description/parameters
-- Up-to-date: /home/mene/sagan_description/install/sagan_description/share/sagan_description/parameters/bridge_parameters.yaml
-- Installing: /home/mene/sagan_description/install/sagan_description/share/sagan_description/parameters/my_controllers.yaml
-- Up-to-date: /home/mene/sagan_description/install/sagan_description/share/sagan_description/worlds
-- Up-to-date: /home/mene/sagan_description/install/sagan_description/share/sagan_description/worlds/empty_world.sdf
-- Up-to-date: /home/mene/sagan_description/install/sagan_description/share/ament_index/resource_index/package_run_dependencies/sagan_description
-- Up-to-date: /home/mene/sagan_description/install/sagan_description/share/ament_index/resource_index/parent_prefix_path/sagan_description
-- Up-to-date: /home/mene/sagan_description/install/sagan_description/share/sagan_description/environment/ament_prefix_path.sh
-- Up-to-date: /home/mene/sagan_description/install/sagan_description/share/sagan_description/environment/ament_prefix_path.dsv
-- Up-to-date: /home/mene/sagan_description/install/sagan_description/share/sagan_description/environment/path.sh
-- Up-to-date: /home/mene/sagan_description/install/sagan_description/share/sagan_description/environment/path.dsv
-- Up-to-date: /home/mene/sagan_description/install/sagan_description/share/sagan_description/local_setup.bash
-- Up-to-date: /home/mene/sagan_description/install/sagan_description/share/sagan_description/local_setup.sh
-- Up-to-date: /home/mene/sagan_description/install/sagan_description/share/sagan_description/local_setup.zsh
-- Up-to-date: /home/mene/sagan_description/install/sagan_description/share/sagan_description/local_setup.dsv
-- Installing: /home/mene/sagan_description/install/sagan_description/share/sagan_description/package.dsv
-- Up-to-date: /home/mene/sagan_description/install/sagan_description/share/ament_index/resource_index/packages/sagan_description
-- Up-to-date: /home/mene/sagan_description/install/sagan_description/share/sagan_description/cmake/sagan_descriptionConfig.cmake
-- Up-to-date: /home/mene/sagan_description/install/sagan_description/share/sagan_description/cmake/sagan_descriptionConfig-version.cmake
-- Up-to-date: /home/mene/sagan_description/install/sagan_description/share/sagan_description/package.xml
